I, [2021-10-30T08:52:43.176479 #68681]  INFO -- : Registered expected interaction GET /products
D, [2021-10-30T08:52:43.176688 #68681] DEBUG -- : {
  "description": "get all products",
  "providerState": "products exist",
  "request": {
    "method": "GET",
    "path": "/products",
    "headers": {
      "Authorization": {
        "json_class": "Pact::SomethingLike",
        "contents": "Bearer 2019-01-14T11:34:18.045Z"
      }
    }
  },
  "response": {
    "status": 200,
    "headers": {
      "Content-Type": "application/json; charset=utf-8"
    },
    "body": {
      "json_class": "Pact::ArrayLike",
      "contents": {
        "id": "09",
        "type": "CREDIT_CARD",
        "name": "Gem Visa"
      },
      "min": 1
    }
  },
  "metadata": null
}
I, [2021-10-30T08:52:43.182330 #68681]  INFO -- : Received request GET /products
D, [2021-10-30T08:52:43.182431 #68681] DEBUG -- : {
  "path": "/products",
  "query": "",
  "method": "get",
  "headers": {
    "Accept": "application/json, text/plain, */*",
    "Authorization": "Bearer 2021-10-30T12:52:43.178Z",
    "User-Agent": "axios/0.19.1",
    "Host": "127.0.0.1:57702",
    "Connection": "close",
    "Version": "HTTP/1.1"
  }
}
I, [2021-10-30T08:52:43.182692 #68681]  INFO -- : Found matching response for GET /products
D, [2021-10-30T08:52:43.182776 #68681] DEBUG -- : {
  "status": 200,
  "headers": {
    "Content-Type": "application/json; charset=utf-8"
  },
  "body": {
    "json_class": "Pact::ArrayLike",
    "contents": {
      "id": "09",
      "type": "CREDIT_CARD",
      "name": "Gem Visa"
    },
    "min": 1
  }
}
I, [2021-10-30T08:52:43.187789 #68681]  INFO -- : Verifying - interactions matched
I, [2021-10-30T08:52:43.190626 #68681]  INFO -- : Cleared interactions
I, [2021-10-30T08:52:43.194142 #68681]  INFO -- : Registered expected interaction GET /products
D, [2021-10-30T08:52:43.194222 #68681] DEBUG -- : {
  "description": "get all products",
  "providerState": "no products exist",
  "request": {
    "method": "GET",
    "path": "/products",
    "headers": {
      "Authorization": {
        "json_class": "Pact::SomethingLike",
        "contents": "Bearer 2019-01-14T11:34:18.045Z"
      }
    }
  },
  "response": {
    "status": 200,
    "headers": {
      "Content-Type": "application/json; charset=utf-8"
    },
    "body": [

    ]
  },
  "metadata": null
}
I, [2021-10-30T08:52:43.197273 #68681]  INFO -- : Received request GET /products
D, [2021-10-30T08:52:43.197358 #68681] DEBUG -- : {
  "path": "/products",
  "query": "",
  "method": "get",
  "headers": {
    "Accept": "application/json, text/plain, */*",
    "Authorization": "Bearer 2021-10-30T12:52:43.194Z",
    "User-Agent": "axios/0.19.1",
    "Host": "127.0.0.1:57702",
    "Connection": "close",
    "Version": "HTTP/1.1"
  }
}
I, [2021-10-30T08:52:43.197446 #68681]  INFO -- : Found matching response for GET /products
D, [2021-10-30T08:52:43.197486 #68681] DEBUG -- : {
  "status": 200,
  "headers": {
    "Content-Type": "application/json; charset=utf-8"
  },
  "body": [

  ]
}
I, [2021-10-30T08:52:43.200393 #68681]  INFO -- : Verifying - interactions matched
I, [2021-10-30T08:52:43.202982 #68681]  INFO -- : Cleared interactions
I, [2021-10-30T08:52:43.205998 #68681]  INFO -- : Registered expected interaction GET /products
D, [2021-10-30T08:52:43.206067 #68681] DEBUG -- : {
  "description": "get all products with no auth token",
  "providerState": "products exist",
  "request": {
    "method": "GET",
    "path": "/products"
  },
  "response": {
    "status": 401,
    "headers": {
    }
  },
  "metadata": null
}
I, [2021-10-30T08:52:43.209067 #68681]  INFO -- : Received request GET /products
D, [2021-10-30T08:52:43.209129 #68681] DEBUG -- : {
  "path": "/products",
  "query": "",
  "method": "get",
  "headers": {
    "Accept": "application/json, text/plain, */*",
    "Authorization": "Bearer 2021-10-30T12:52:43.206Z",
    "User-Agent": "axios/0.19.1",
    "Host": "127.0.0.1:57702",
    "Connection": "close",
    "Version": "HTTP/1.1"
  }
}
I, [2021-10-30T08:52:43.209202 #68681]  INFO -- : Found matching response for GET /products
D, [2021-10-30T08:52:43.209251 #68681] DEBUG -- : {
  "status": 401,
  "headers": {
  }
}
I, [2021-10-30T08:52:43.213133 #68681]  INFO -- : Verifying - interactions matched
I, [2021-10-30T08:52:43.215816 #68681]  INFO -- : Cleared interactions
I, [2021-10-30T08:52:43.218988 #68681]  INFO -- : Registered expected interaction GET /product/10
D, [2021-10-30T08:52:43.219091 #68681] DEBUG -- : {
  "description": "get product with ID 10",
  "providerState": "product with ID 10 exists",
  "request": {
    "method": "GET",
    "path": "/product/10",
    "headers": {
      "Authorization": {
        "json_class": "Pact::SomethingLike",
        "contents": "Bearer 2019-01-14T11:34:18.045Z"
      }
    }
  },
  "response": {
    "status": 200,
    "headers": {
      "Content-Type": "application/json; charset=utf-8"
    },
    "body": {
      "json_class": "Pact::SomethingLike",
      "contents": {
        "id": "10",
        "type": "CREDIT_CARD",
        "name": "28 Degrees"
      }
    }
  },
  "metadata": null
}
I, [2021-10-30T08:52:43.221847 #68681]  INFO -- : Received request GET /product/10
D, [2021-10-30T08:52:43.221912 #68681] DEBUG -- : {
  "path": "/product/10",
  "query": "",
  "method": "get",
  "headers": {
    "Accept": "application/json, text/plain, */*",
    "Authorization": "Bearer 2021-10-30T12:52:43.219Z",
    "User-Agent": "axios/0.19.1",
    "Host": "127.0.0.1:57702",
    "Connection": "close",
    "Version": "HTTP/1.1"
  }
}
I, [2021-10-30T08:52:43.222026 #68681]  INFO -- : Found matching response for GET /product/10
D, [2021-10-30T08:52:43.222118 #68681] DEBUG -- : {
  "status": 200,
  "headers": {
    "Content-Type": "application/json; charset=utf-8"
  },
  "body": {
    "json_class": "Pact::SomethingLike",
    "contents": {
      "id": "10",
      "type": "CREDIT_CARD",
      "name": "28 Degrees"
    }
  }
}
I, [2021-10-30T08:52:43.224711 #68681]  INFO -- : Verifying - interactions matched
I, [2021-10-30T08:52:43.227408 #68681]  INFO -- : Cleared interactions
I, [2021-10-30T08:52:43.230632 #68681]  INFO -- : Registered expected interaction GET /product/11
D, [2021-10-30T08:52:43.230732 #68681] DEBUG -- : {
  "description": "get product with ID 11",
  "providerState": "product with ID 11 does not exist",
  "request": {
    "method": "GET",
    "path": "/product/11",
    "headers": {
      "Authorization": {
        "json_class": "Pact::SomethingLike",
        "contents": "Bearer 2019-01-14T11:34:18.045Z"
      }
    }
  },
  "response": {
    "status": 404,
    "headers": {
    }
  },
  "metadata": null
}
I, [2021-10-30T08:52:43.233397 #68681]  INFO -- : Received request GET /product/11
D, [2021-10-30T08:52:43.233464 #68681] DEBUG -- : {
  "path": "/product/11",
  "query": "",
  "method": "get",
  "headers": {
    "Accept": "application/json, text/plain, */*",
    "Authorization": "Bearer 2021-10-30T12:52:43.231Z",
    "User-Agent": "axios/0.19.1",
    "Host": "127.0.0.1:57702",
    "Connection": "close",
    "Version": "HTTP/1.1"
  }
}
I, [2021-10-30T08:52:43.233571 #68681]  INFO -- : Found matching response for GET /product/11
D, [2021-10-30T08:52:43.233606 #68681] DEBUG -- : {
  "status": 404,
  "headers": {
  }
}
I, [2021-10-30T08:52:43.236119 #68681]  INFO -- : Verifying - interactions matched
I, [2021-10-30T08:52:43.238421 #68681]  INFO -- : Cleared interactions
I, [2021-10-30T08:52:43.241210 #68681]  INFO -- : Registered expected interaction GET /product/10
D, [2021-10-30T08:52:43.241279 #68681] DEBUG -- : {
  "description": "get product by ID 10 with no auth token",
  "providerState": "product with ID 10 exists",
  "request": {
    "method": "GET",
    "path": "/product/10"
  },
  "response": {
    "status": 401,
    "headers": {
    }
  },
  "metadata": null
}
I, [2021-10-30T08:52:43.243917 #68681]  INFO -- : Received request GET /product/10
D, [2021-10-30T08:52:43.243982 #68681] DEBUG -- : {
  "path": "/product/10",
  "query": "",
  "method": "get",
  "headers": {
    "Accept": "application/json, text/plain, */*",
    "Authorization": "Bearer 2021-10-30T12:52:43.241Z",
    "User-Agent": "axios/0.19.1",
    "Host": "127.0.0.1:57702",
    "Connection": "close",
    "Version": "HTTP/1.1"
  }
}
I, [2021-10-30T08:52:43.244078 #68681]  INFO -- : Found matching response for GET /product/10
D, [2021-10-30T08:52:43.244134 #68681] DEBUG -- : {
  "status": 401,
  "headers": {
  }
}
I, [2021-10-30T08:52:43.248684 #68681]  INFO -- : Verifying - interactions matched
I, [2021-10-30T08:52:43.251184 #68681]  INFO -- : Cleared interactions
I, [2021-10-30T08:52:43.254163 #68681]  INFO -- : Writing pact for ProductService to /Users/kiran.rudrangi/source/pact-poc/consumer/pacts/frontendwebsite-productservice.json
